D:\PROJECT\COMMON\SDK\BULLET\BULLET-2.81-REV2613\LIB\HACD_VS2010_DEBUG.PDB
D:\PROJECT\COMMON\SDK\BULLET\BULLET-2.81-REV2613\LIB\HACD_VS2010_DEBUG.LIB
D:\Project\common\SDK\bullet\bullet-2.81-rev2613\build\vs2010\obj\x32\Debug\HACD\hacdGraph.obj
D:\Project\common\SDK\bullet\bullet-2.81-rev2613\build\vs2010\obj\x32\Debug\HACD\hacdHACD.obj
D:\Project\common\SDK\bullet\bullet-2.81-rev2613\build\vs2010\obj\x32\Debug\HACD\hacdICHull.obj
D:\Project\common\SDK\bullet\bullet-2.81-rev2613\build\vs2010\obj\x32\Debug\HACD\hacdManifoldMesh.obj
D:\Project\common\SDK\bullet\bullet-2.81-rev2613\build\vs2010\obj\x32\Debug\HACD\CL.11948.read.1.tlog
D:\Project\common\SDK\bullet\bullet-2.81-rev2613\build\vs2010\obj\x32\Debug\HACD\CL.11948.write.1.tlog
D:\Project\common\SDK\bullet\bullet-2.81-rev2613\build\vs2010\obj\x32\Debug\HACD\CL.12464.read.1.tlog
D:\Project\common\SDK\bullet\bullet-2.81-rev2613\build\vs2010\obj\x32\Debug\HACD\CL.12464.write.1.tlog
D:\Project\common\SDK\bullet\bullet-2.81-rev2613\build\vs2010\obj\x32\Debug\HACD\CL.15096.read.1.tlog
D:\Project\common\SDK\bullet\bullet-2.81-rev2613\build\vs2010\obj\x32\Debug\HACD\CL.15096.write.1.tlog
D:\Project\common\SDK\bullet\bullet-2.81-rev2613\build\vs2010\obj\x32\Debug\HACD\CL.4640.read.1.tlog
D:\Project\common\SDK\bullet\bullet-2.81-rev2613\build\vs2010\obj\x32\Debug\HACD\CL.4640.write.1.tlog
D:\Project\common\SDK\bullet\bullet-2.81-rev2613\build\vs2010\obj\x32\Debug\HACD\cl.command.1.tlog
D:\Project\common\SDK\bullet\bullet-2.81-rev2613\build\vs2010\obj\x32\Debug\HACD\CL.read.1.tlog
D:\Project\common\SDK\bullet\bullet-2.81-rev2613\build\vs2010\obj\x32\Debug\HACD\cl.write.1.tlog
D:\Project\common\SDK\bullet\bullet-2.81-rev2613\build\vs2010\obj\x32\Debug\HACD\Lib-link.read.1.tlog
D:\Project\common\SDK\bullet\bullet-2.81-rev2613\build\vs2010\obj\x32\Debug\HACD\Lib-link.write.1.tlog
D:\Project\common\SDK\bullet\bullet-2.81-rev2613\build\vs2010\obj\x32\Debug\HACD\lib.command.1.tlog
D:\Project\common\SDK\bullet\bullet-2.81-rev2613\build\vs2010\..\..\lib\HACD_vs2010_debug.lib
