D:\PROJECT\COMMON\SDK\BULLET\BULLET-2.81-REV2613\APP_INTERNALEDGEDEMO_VS2010_DEBUG.PDB
D:\PROJECT\COMMON\SDK\BULLET\BULLET-2.81-REV2613\BUILD\VS2010\OBJ\X32\DEBUG\APP_INTERNALEDGEDEMO\BULLET.RES
D:\Project\common\SDK\bullet\bullet-2.81-rev2613\build\vs2010\obj\x32\Debug\App_InternalEdgeDemo\InternalEdgeDemo.obj
D:\Project\common\SDK\bullet\bullet-2.81-rev2613\build\vs2010\obj\x32\Debug\App_InternalEdgeDemo\main.obj
D:\Project\common\SDK\bullet\bullet-2.81-rev2613\build\vs2010\obj\x32\Debug\App_InternalEdgeDemo\Win32InternalEdgeDemo.obj
D:\Project\common\SDK\bullet\bullet-2.81-rev2613\build\vs2010\obj\x32\Debug\App_InternalEdgeDemo\CL.11276.read.1.tlog
D:\Project\common\SDK\bullet\bullet-2.81-rev2613\build\vs2010\obj\x32\Debug\App_InternalEdgeDemo\CL.11276.write.1.tlog
D:\Project\common\SDK\bullet\bullet-2.81-rev2613\build\vs2010\obj\x32\Debug\App_InternalEdgeDemo\CL.14488.read.1.tlog
D:\Project\common\SDK\bullet\bullet-2.81-rev2613\build\vs2010\obj\x32\Debug\App_InternalEdgeDemo\CL.14488.write.1.tlog
D:\Project\common\SDK\bullet\bullet-2.81-rev2613\build\vs2010\obj\x32\Debug\App_InternalEdgeDemo\CL.14520.read.1.tlog
D:\Project\common\SDK\bullet\bullet-2.81-rev2613\build\vs2010\obj\x32\Debug\App_InternalEdgeDemo\CL.14520.write.1.tlog
D:\Project\common\SDK\bullet\bullet-2.81-rev2613\build\vs2010\obj\x32\Debug\App_InternalEdgeDemo\cl.command.1.tlog
D:\Project\common\SDK\bullet\bullet-2.81-rev2613\build\vs2010\obj\x32\Debug\App_InternalEdgeDemo\CL.read.1.tlog
D:\Project\common\SDK\bullet\bullet-2.81-rev2613\build\vs2010\obj\x32\Debug\App_InternalEdgeDemo\cl.write.1.tlog
D:\Project\common\SDK\bullet\bullet-2.81-rev2613\build\vs2010\obj\x32\Debug\App_InternalEdgeDemo\link-cvtres.read.1.tlog
D:\Project\common\SDK\bullet\bullet-2.81-rev2613\build\vs2010\obj\x32\Debug\App_InternalEdgeDemo\link-cvtres.write.1.tlog
D:\Project\common\SDK\bullet\bullet-2.81-rev2613\build\vs2010\obj\x32\Debug\App_InternalEdgeDemo\link-rc.read.1.tlog
D:\Project\common\SDK\bullet\bullet-2.81-rev2613\build\vs2010\obj\x32\Debug\App_InternalEdgeDemo\link-rc.write.1.tlog
D:\Project\common\SDK\bullet\bullet-2.81-rev2613\build\vs2010\obj\x32\Debug\App_InternalEdgeDemo\link.command.1.tlog
D:\Project\common\SDK\bullet\bullet-2.81-rev2613\build\vs2010\obj\x32\Debug\App_InternalEdgeDemo\link.read.1.tlog
D:\Project\common\SDK\bullet\bullet-2.81-rev2613\build\vs2010\obj\x32\Debug\App_InternalEdgeDemo\link.write.1.tlog
D:\Project\common\SDK\bullet\bullet-2.81-rev2613\build\vs2010\obj\x32\Debug\App_InternalEdgeDemo\rc.command.1.tlog
D:\Project\common\SDK\bullet\bullet-2.81-rev2613\build\vs2010\obj\x32\Debug\App_InternalEdgeDemo\rc.read.1.tlog
D:\Project\common\SDK\bullet\bullet-2.81-rev2613\build\vs2010\obj\x32\Debug\App_InternalEdgeDemo\rc.write.1.tlog
D:\Project\common\SDK\bullet\bullet-2.81-rev2613\build\vs2010\obj\x32\Debug\App_InternalEdgeDemo\bullet.res
