D:\PROJECT\COMMON\SDK\BULLET\BULLET-2.81-REV2613\APP_BASICDEMO_VS2010_DEBUG.PDB
D:\PROJECT\COMMON\SDK\BULLET\BULLET-2.81-REV2613\BUILD\VS2010\OBJ\X32\DEBUG\APP_BASICDEMO\BULLET.RES
D:\Project\common\SDK\bullet\bullet-2.81-rev2613\build\vs2010\obj\x32\Debug\App_BasicDemo\BasicDemo.obj
D:\Project\common\SDK\bullet\bullet-2.81-rev2613\build\vs2010\obj\x32\Debug\App_BasicDemo\main.obj
D:\Project\common\SDK\bullet\bullet-2.81-rev2613\build\vs2010\obj\x32\Debug\App_BasicDemo\Win32BasicDemo.obj
D:\Project\common\SDK\bullet\bullet-2.81-rev2613\build\vs2010\obj\x32\Debug\App_BasicDemo\CL.12756.read.1.tlog
D:\Project\common\SDK\bullet\bullet-2.81-rev2613\build\vs2010\obj\x32\Debug\App_BasicDemo\CL.12756.write.1.tlog
D:\Project\common\SDK\bullet\bullet-2.81-rev2613\build\vs2010\obj\x32\Debug\App_BasicDemo\CL.14956.read.1.tlog
D:\Project\common\SDK\bullet\bullet-2.81-rev2613\build\vs2010\obj\x32\Debug\App_BasicDemo\CL.14956.write.1.tlog
D:\Project\common\SDK\bullet\bullet-2.81-rev2613\build\vs2010\obj\x32\Debug\App_BasicDemo\CL.4192.read.1.tlog
D:\Project\common\SDK\bullet\bullet-2.81-rev2613\build\vs2010\obj\x32\Debug\App_BasicDemo\CL.4192.write.1.tlog
D:\Project\common\SDK\bullet\bullet-2.81-rev2613\build\vs2010\obj\x32\Debug\App_BasicDemo\cl.command.1.tlog
D:\Project\common\SDK\bullet\bullet-2.81-rev2613\build\vs2010\obj\x32\Debug\App_BasicDemo\CL.read.1.tlog
D:\Project\common\SDK\bullet\bullet-2.81-rev2613\build\vs2010\obj\x32\Debug\App_BasicDemo\cl.write.1.tlog
D:\Project\common\SDK\bullet\bullet-2.81-rev2613\build\vs2010\obj\x32\Debug\App_BasicDemo\link-cvtres.read.1.tlog
D:\Project\common\SDK\bullet\bullet-2.81-rev2613\build\vs2010\obj\x32\Debug\App_BasicDemo\link-cvtres.write.1.tlog
D:\Project\common\SDK\bullet\bullet-2.81-rev2613\build\vs2010\obj\x32\Debug\App_BasicDemo\link-rc.read.1.tlog
D:\Project\common\SDK\bullet\bullet-2.81-rev2613\build\vs2010\obj\x32\Debug\App_BasicDemo\link-rc.write.1.tlog
D:\Project\common\SDK\bullet\bullet-2.81-rev2613\build\vs2010\obj\x32\Debug\App_BasicDemo\link.command.1.tlog
D:\Project\common\SDK\bullet\bullet-2.81-rev2613\build\vs2010\obj\x32\Debug\App_BasicDemo\link.read.1.tlog
D:\Project\common\SDK\bullet\bullet-2.81-rev2613\build\vs2010\obj\x32\Debug\App_BasicDemo\link.write.1.tlog
D:\Project\common\SDK\bullet\bullet-2.81-rev2613\build\vs2010\obj\x32\Debug\App_BasicDemo\rc.command.1.tlog
D:\Project\common\SDK\bullet\bullet-2.81-rev2613\build\vs2010\obj\x32\Debug\App_BasicDemo\rc.read.1.tlog
D:\Project\common\SDK\bullet\bullet-2.81-rev2613\build\vs2010\obj\x32\Debug\App_BasicDemo\rc.write.1.tlog
D:\Project\common\SDK\bullet\bullet-2.81-rev2613\build\vs2010\obj\x32\Debug\App_BasicDemo\bullet.res
