  DemoApplication.cpp
  GLDebugDrawer.cpp
  GLDebugFont.cpp
  GlutDemoApplication.cpp
  GlutStuff.cpp
  GL_DialogDynamicsWorld.cpp
  GL_DialogWindow.cpp
  GL_ShapeDrawer.cpp
  Note: including lib: glut32.lib
  
  Note: including lib: glut32.lib
  
  Note: including lib: glut32.lib
  
  Note: including lib: glut32.lib
  
  Note: including lib: glut32.lib
  
  Note: including lib: glut32.lib
  
  GL_Simplex1to4.cpp
  RenderTexture.cpp
  stb_image.cpp
  Win32AppMain.cpp
  Win32DemoApplication.cpp
  Note: including lib: glut32.lib
  
  OpenGLSupport.vcxproj -> D:\Project\common\SDK\bullet\bullet-2.81-rev2613\build\vs2010\..\..\lib\OpenGLSupport_vs2010_debug.lib
