  GyroscopicDemo.cpp
  main.cpp
  Win32GyroscopicDemo.cpp
  Note: including lib: glut32.lib
  
  Note: including lib: glut32.lib
  
OpenGLSupport_vs2010_debug.lib(DemoApplication.obj) : error LNK2038: mismatch detected for 'RuntimeLibrary': value 'MDd_DynamicDebug' doesn't match value 'MTd_StaticDebug' in GyroscopicDemo.obj
OpenGLSupport_vs2010_debug.lib(GlutDemoApplication.obj) : error LNK2038: mismatch detected for 'RuntimeLibrary': value 'MDd_DynamicDebug' doesn't match value 'MTd_StaticDebug' in GyroscopicDemo.obj
OpenGLSupport_vs2010_debug.lib(GlutStuff.obj) : error LNK2038: mismatch detected for 'RuntimeLibrary': value 'MDd_DynamicDebug' doesn't match value 'MTd_StaticDebug' in GyroscopicDemo.obj
OpenGLSupport_vs2010_debug.lib(GL_ShapeDrawer.obj) : error LNK2038: mismatch detected for 'RuntimeLibrary': value 'MDd_DynamicDebug' doesn't match value 'MTd_StaticDebug' in GyroscopicDemo.obj
BulletDynamics_vs2010_debug.lib(btDiscreteDynamicsWorld.obj) : error LNK2038: mismatch detected for 'RuntimeLibrary': value 'MDd_DynamicDebug' doesn't match value 'MTd_StaticDebug' in GyroscopicDemo.obj
BulletDynamics_vs2010_debug.lib(btRigidBody.obj) : error LNK2038: mismatch detected for 'RuntimeLibrary': value 'MDd_DynamicDebug' doesn't match value 'MTd_StaticDebug' in GyroscopicDemo.obj
BulletDynamics_vs2010_debug.lib(btSequentialImpulseConstraintSolver.obj) : error LNK2038: mismatch detected for 'RuntimeLibrary': value 'MDd_DynamicDebug' doesn't match value 'MTd_StaticDebug' in GyroscopicDemo.obj
BulletDynamics_vs2010_debug.lib(btPoint2PointConstraint.obj) : error LNK2038: mismatch detected for 'RuntimeLibrary': value 'MDd_DynamicDebug' doesn't match value 'MTd_StaticDebug' in GyroscopicDemo.obj
BulletDynamics_vs2010_debug.lib(btGeneric6DofConstraint.obj) : error LNK2038: mismatch detected for 'RuntimeLibrary': value 'MDd_DynamicDebug' doesn't match value 'MTd_StaticDebug' in GyroscopicDemo.obj
BulletDynamics_vs2010_debug.lib(btTypedConstraint.obj) : error LNK2038: mismatch detected for 'RuntimeLibrary': value 'MDd_DynamicDebug' doesn't match value 'MTd_StaticDebug' in GyroscopicDemo.obj
BulletDynamics_vs2010_debug.lib(btConeTwistConstraint.obj) : error LNK2038: mismatch detected for 'RuntimeLibrary': value 'MDd_DynamicDebug' doesn't match value 'MTd_StaticDebug' in GyroscopicDemo.obj
BulletCollision_vs2010_debug.lib(btCollisionDispatcher.obj) : error LNK2038: mismatch detected for 'RuntimeLibrary': value 'MDd_DynamicDebug' doesn't match value 'MTd_StaticDebug' in GyroscopicDemo.obj
BulletCollision_vs2010_debug.lib(btCompoundShape.obj) : error LNK2038: mismatch detected for 'RuntimeLibrary': value 'MDd_DynamicDebug' doesn't match value 'MTd_StaticDebug' in GyroscopicDemo.obj
BulletCollision_vs2010_debug.lib(btDefaultCollisionConfiguration.obj) : error LNK2038: mismatch detected for 'RuntimeLibrary': value 'MDd_DynamicDebug' doesn't match value 'MTd_StaticDebug' in GyroscopicDemo.obj
BulletCollision_vs2010_debug.lib(btDbvtBroadphase.obj) : error LNK2038: mismatch detected for 'RuntimeLibrary': value 'MDd_DynamicDebug' doesn't match value 'MTd_StaticDebug' in GyroscopicDemo.obj
BulletCollision_vs2010_debug.lib(btCollisionObject.obj) : error LNK2038: mismatch detected for 'RuntimeLibrary': value 'MDd_DynamicDebug' doesn't match value 'MTd_StaticDebug' in GyroscopicDemo.obj
BulletCollision_vs2010_debug.lib(btCollisionShape.obj) : error LNK2038: mismatch detected for 'RuntimeLibrary': value 'MDd_DynamicDebug' doesn't match value 'MTd_StaticDebug' in GyroscopicDemo.obj
BulletCollision_vs2010_debug.lib(btConvexShape.obj) : error LNK2038: mismatch detected for 'RuntimeLibrary': value 'MDd_DynamicDebug' doesn't match value 'MTd_StaticDebug' in GyroscopicDemo.obj
BulletCollision_vs2010_debug.lib(btShapeHull.obj) : error LNK2038: mismatch detected for 'RuntimeLibrary': value 'MDd_DynamicDebug' doesn't match value 'MTd_StaticDebug' in GyroscopicDemo.obj
BulletCollision_vs2010_debug.lib(btManifoldResult.obj) : error LNK2038: mismatch detected for 'RuntimeLibrary': value 'MDd_DynamicDebug' doesn't match value 'MTd_StaticDebug' in GyroscopicDemo.obj
BulletCollision_vs2010_debug.lib(btCollisionWorld.obj) : error LNK2038: mismatch detected for 'RuntimeLibrary': value 'MDd_DynamicDebug' doesn't match value 'MTd_StaticDebug' in GyroscopicDemo.obj
BulletCollision_vs2010_debug.lib(btSimulationIslandManager.obj) : error LNK2038: mismatch detected for 'RuntimeLibrary': value 'MDd_DynamicDebug' doesn't match value 'MTd_StaticDebug' in GyroscopicDemo.obj
BulletCollision_vs2010_debug.lib(btDbvt.obj) : error LNK2038: mismatch detected for 'RuntimeLibrary': value 'MDd_DynamicDebug' doesn't match value 'MTd_StaticDebug' in GyroscopicDemo.obj
BulletCollision_vs2010_debug.lib(btConvexConvexAlgorithm.obj) : error LNK2038: mismatch detected for 'RuntimeLibrary': value 'MDd_DynamicDebug' doesn't match value 'MTd_StaticDebug' in GyroscopicDemo.obj
BulletCollision_vs2010_debug.lib(btEmptyCollisionAlgorithm.obj) : error LNK2038: mismatch detected for 'RuntimeLibrary': value 'MDd_DynamicDebug' doesn't match value 'MTd_StaticDebug' in GyroscopicDemo.obj
BulletCollision_vs2010_debug.lib(btConvexConcaveCollisionAlgorithm.obj) : error LNK2038: mismatch detected for 'RuntimeLibrary': value 'MDd_DynamicDebug' doesn't match value 'MTd_StaticDebug' in GyroscopicDemo.obj
BulletCollision_vs2010_debug.lib(btCompoundCollisionAlgorithm.obj) : error LNK2038: mismatch detected for 'RuntimeLibrary': value 'MDd_DynamicDebug' doesn't match value 'MTd_StaticDebug' in GyroscopicDemo.obj
BulletCollision_vs2010_debug.lib(btConvexPlaneCollisionAlgorithm.obj) : error LNK2038: mismatch detected for 'RuntimeLibrary': value 'MDd_DynamicDebug' doesn't match value 'MTd_StaticDebug' in GyroscopicDemo.obj
BulletCollision_vs2010_debug.lib(btBoxBoxCollisionAlgorithm.obj) : error LNK2038: mismatch detected for 'RuntimeLibrary': value 'MDd_DynamicDebug' doesn't match value 'MTd_StaticDebug' in GyroscopicDemo.obj
BulletCollision_vs2010_debug.lib(btSphereSphereCollisionAlgorithm.obj) : error LNK2038: mismatch detected for 'RuntimeLibrary': value 'MDd_DynamicDebug' doesn't match value 'MTd_StaticDebug' in GyroscopicDemo.obj
BulletCollision_vs2010_debug.lib(btSphereTriangleCollisionAlgorithm.obj) : error LNK2038: mismatch detected for 'RuntimeLibrary': value 'MDd_DynamicDebug' doesn't match value 'MTd_StaticDebug' in GyroscopicDemo.obj
BulletCollision_vs2010_debug.lib(btOverlappingPairCache.obj) : error LNK2038: mismatch detected for 'RuntimeLibrary': value 'MDd_DynamicDebug' doesn't match value 'MTd_StaticDebug' in GyroscopicDemo.obj
BulletCollision_vs2010_debug.lib(btPolyhedralConvexShape.obj) : error LNK2038: mismatch detected for 'RuntimeLibrary': value 'MDd_DynamicDebug' doesn't match value 'MTd_StaticDebug' in GyroscopicDemo.obj
BulletCollision_vs2010_debug.lib(btBvhTriangleMeshShape.obj) : error LNK2038: mismatch detected for 'RuntimeLibrary': value 'MDd_DynamicDebug' doesn't match value 'MTd_StaticDebug' in GyroscopicDemo.obj
BulletCollision_vs2010_debug.lib(btUnionFind.obj) : error LNK2038: mismatch detected for 'RuntimeLibrary': value 'MDd_DynamicDebug' doesn't match value 'MTd_StaticDebug' in GyroscopicDemo.obj
BulletCollision_vs2010_debug.lib(btActivatingCollisionAlgorithm.obj) : error LNK2038: mismatch detected for 'RuntimeLibrary': value 'MDd_DynamicDebug' doesn't match value 'MTd_StaticDebug' in GyroscopicDemo.obj
BulletCollision_vs2010_debug.lib(btPolyhedralContactClipping.obj) : error LNK2038: mismatch detected for 'RuntimeLibrary': value 'MDd_DynamicDebug' doesn't match value 'MTd_StaticDebug' in GyroscopicDemo.obj
BulletCollision_vs2010_debug.lib(btCollisionAlgorithm.obj) : error LNK2038: mismatch detected for 'RuntimeLibrary': value 'MDd_DynamicDebug' doesn't match value 'MTd_StaticDebug' in GyroscopicDemo.obj
BulletCollision_vs2010_debug.lib(btConvexPolyhedron.obj) : error LNK2038: mismatch detected for 'RuntimeLibrary': value 'MDd_DynamicDebug' doesn't match value 'MTd_StaticDebug' in GyroscopicDemo.obj
BulletCollision_vs2010_debug.lib(btQuantizedBvh.obj) : error LNK2038: mismatch detected for 'RuntimeLibrary': value 'MDd_DynamicDebug' doesn't match value 'MTd_StaticDebug' in GyroscopicDemo.obj
BulletCollision_vs2010_debug.lib(btOptimizedBvh.obj) : error LNK2038: mismatch detected for 'RuntimeLibrary': value 'MDd_DynamicDebug' doesn't match value 'MTd_StaticDebug' in GyroscopicDemo.obj
LinearMath_vs2010_debug.lib(btQuickprof.obj) : error LNK2038: mismatch detected for 'RuntimeLibrary': value 'MDd_DynamicDebug' doesn't match value 'MTd_StaticDebug' in GyroscopicDemo.obj
LinearMath_vs2010_debug.lib(btConvexHull.obj) : error LNK2038: mismatch detected for 'RuntimeLibrary': value 'MDd_DynamicDebug' doesn't match value 'MTd_StaticDebug' in GyroscopicDemo.obj
LinearMath_vs2010_debug.lib(btConvexHullComputer.obj) : error LNK2038: mismatch detected for 'RuntimeLibrary': value 'MDd_DynamicDebug' doesn't match value 'MTd_StaticDebug' in GyroscopicDemo.obj
LinearMath_vs2010_debug.lib(btGeometryUtil.obj) : error LNK2038: mismatch detected for 'RuntimeLibrary': value 'MDd_DynamicDebug' doesn't match value 'MTd_StaticDebug' in GyroscopicDemo.obj
MSVCRTD.lib(MSVCR110D.dll) : error LNK2005: _printf already defined in LIBCMTD.lib(printf.obj)
MSVCRTD.lib(MSVCR110D.dll) : error LNK2005: _exit already defined in LIBCMTD.lib(crt0dat.obj)
MSVCRTD.lib(MSVCR110D.dll) : error LNK2005: _fclose already defined in LIBCMTD.lib(fclose.obj)
MSVCRTD.lib(MSVCR110D.dll) : error LNK2005: _sprintf already defined in LIBCMTD.lib(sprintf.obj)
MSVCRTD.lib(MSVCR110D.dll) : error LNK2005: _free already defined in LIBCMTD.lib(dbgfree.obj)
MSVCRTD.lib(MSVCR110D.dll) : error LNK2005: _malloc already defined in LIBCMTD.lib(dbgmalloc.obj)
MSVCRTD.lib(ti_inst.obj) : error LNK2005: "private: __thiscall type_info::type_info(class type_info const &)" (??0type_info@@AAE@ABV0@@Z) already defined in LIBCMTD.lib(typinfo.obj)
MSVCRTD.lib(ti_inst.obj) : error LNK2005: "private: class type_info & __thiscall type_info::operator=(class type_info const &)" (??4type_info@@AAEAAV0@ABV0@@Z) already defined in LIBCMTD.lib(typinfo.obj)
LINK : warning LNK4098: defaultlib 'MSVCRTD' conflicts with use of other libs; use /NODEFAULTLIB:library
..\..\App_GyroscopicDemo_vs2010_debug.exe : fatal error LNK1169: one or more multiply defined symbols found
