D:\PROJECT\COMMON\SDK\BULLET\BULLET-2.81-REV2613\APP_BSPDEMO_VS2010_DEBUG.PDB
D:\PROJECT\COMMON\SDK\BULLET\BULLET-2.81-REV2613\BUILD\VS2010\OBJ\X32\DEBUG\APP_BSPDEMO\BULLET.RES
D:\Project\common\SDK\bullet\bullet-2.81-rev2613\build\vs2010\obj\x32\Debug\App_BspDemo\BspConverter.obj
D:\Project\common\SDK\bullet\bullet-2.81-rev2613\build\vs2010\obj\x32\Debug\App_BspDemo\BspDemo.obj
D:\Project\common\SDK\bullet\bullet-2.81-rev2613\build\vs2010\obj\x32\Debug\App_BspDemo\BspLoader.obj
D:\Project\common\SDK\bullet\bullet-2.81-rev2613\build\vs2010\obj\x32\Debug\App_BspDemo\main.obj
D:\Project\common\SDK\bullet\bullet-2.81-rev2613\build\vs2010\obj\x32\Debug\App_BspDemo\CL.13096.read.1.tlog
D:\Project\common\SDK\bullet\bullet-2.81-rev2613\build\vs2010\obj\x32\Debug\App_BspDemo\CL.13096.write.1.tlog
D:\Project\common\SDK\bullet\bullet-2.81-rev2613\build\vs2010\obj\x32\Debug\App_BspDemo\CL.13892.read.1.tlog
D:\Project\common\SDK\bullet\bullet-2.81-rev2613\build\vs2010\obj\x32\Debug\App_BspDemo\CL.13892.write.1.tlog
D:\Project\common\SDK\bullet\bullet-2.81-rev2613\build\vs2010\obj\x32\Debug\App_BspDemo\CL.14492.read.1.tlog
D:\Project\common\SDK\bullet\bullet-2.81-rev2613\build\vs2010\obj\x32\Debug\App_BspDemo\CL.14492.write.1.tlog
D:\Project\common\SDK\bullet\bullet-2.81-rev2613\build\vs2010\obj\x32\Debug\App_BspDemo\CL.9584.read.1.tlog
D:\Project\common\SDK\bullet\bullet-2.81-rev2613\build\vs2010\obj\x32\Debug\App_BspDemo\CL.9584.write.1.tlog
D:\Project\common\SDK\bullet\bullet-2.81-rev2613\build\vs2010\obj\x32\Debug\App_BspDemo\cl.command.1.tlog
D:\Project\common\SDK\bullet\bullet-2.81-rev2613\build\vs2010\obj\x32\Debug\App_BspDemo\CL.read.1.tlog
D:\Project\common\SDK\bullet\bullet-2.81-rev2613\build\vs2010\obj\x32\Debug\App_BspDemo\cl.write.1.tlog
D:\Project\common\SDK\bullet\bullet-2.81-rev2613\build\vs2010\obj\x32\Debug\App_BspDemo\link-cvtres.read.1.tlog
D:\Project\common\SDK\bullet\bullet-2.81-rev2613\build\vs2010\obj\x32\Debug\App_BspDemo\link-cvtres.write.1.tlog
D:\Project\common\SDK\bullet\bullet-2.81-rev2613\build\vs2010\obj\x32\Debug\App_BspDemo\link-rc.read.1.tlog
D:\Project\common\SDK\bullet\bullet-2.81-rev2613\build\vs2010\obj\x32\Debug\App_BspDemo\link-rc.write.1.tlog
D:\Project\common\SDK\bullet\bullet-2.81-rev2613\build\vs2010\obj\x32\Debug\App_BspDemo\link.command.1.tlog
D:\Project\common\SDK\bullet\bullet-2.81-rev2613\build\vs2010\obj\x32\Debug\App_BspDemo\link.read.1.tlog
D:\Project\common\SDK\bullet\bullet-2.81-rev2613\build\vs2010\obj\x32\Debug\App_BspDemo\link.write.1.tlog
D:\Project\common\SDK\bullet\bullet-2.81-rev2613\build\vs2010\obj\x32\Debug\App_BspDemo\rc.command.1.tlog
D:\Project\common\SDK\bullet\bullet-2.81-rev2613\build\vs2010\obj\x32\Debug\App_BspDemo\rc.read.1.tlog
D:\Project\common\SDK\bullet\bullet-2.81-rev2613\build\vs2010\obj\x32\Debug\App_BspDemo\rc.write.1.tlog
D:\Project\common\SDK\bullet\bullet-2.81-rev2613\build\vs2010\obj\x32\Debug\App_BspDemo\bullet.res
