  btKinematicCharacterController.cpp
  btConeTwistConstraint.cpp
  btContactConstraint.cpp
  btGearConstraint.cpp
  btGeneric6DofConstraint.cpp
  btGeneric6DofSpringConstraint.cpp
  btHinge2Constraint.cpp
  btHingeConstraint.cpp
  btPoint2PointConstraint.cpp
  btSequentialImpulseConstraintSolver.cpp
  btSliderConstraint.cpp
  btSolve2LinearConstraint.cpp
  btTypedConstraint.cpp
  btUniversalConstraint.cpp
  btDiscreteDynamicsWorld.cpp
  btRigidBody.cpp
  btSimpleDynamicsWorld.cpp
  Bullet-C-API.cpp
  btRaycastVehicle.cpp
  btWheelInfo.cpp
  BulletDynamics.vcxproj -> D:\Project\common\SDK\bullet\bullet-2.81-rev2613\build\vs2010\..\..\lib\BulletDynamics_vs2010_debug.lib
