D:\PROJECT\COMMON\SDK\BULLET\BULLET-2.81-REV2613\APP_FORKLIFTDEMO_VS2010_DEBUG.PDB
D:\PROJECT\COMMON\SDK\BULLET\BULLET-2.81-REV2613\BUILD\VS2010\OBJ\X32\DEBUG\APP_FORKLIFTDEMO\BULLET.RES
D:\Project\common\SDK\bullet\bullet-2.81-rev2613\build\vs2010\obj\x32\Debug\App_ForkLiftDemo\ForkLiftDemo.obj
D:\Project\common\SDK\bullet\bullet-2.81-rev2613\build\vs2010\obj\x32\Debug\App_ForkLiftDemo\main.obj
D:\Project\common\SDK\bullet\bullet-2.81-rev2613\build\vs2010\obj\x32\Debug\App_ForkLiftDemo\CL.13220.read.1.tlog
D:\Project\common\SDK\bullet\bullet-2.81-rev2613\build\vs2010\obj\x32\Debug\App_ForkLiftDemo\CL.13220.write.1.tlog
D:\Project\common\SDK\bullet\bullet-2.81-rev2613\build\vs2010\obj\x32\Debug\App_ForkLiftDemo\CL.15188.read.1.tlog
D:\Project\common\SDK\bullet\bullet-2.81-rev2613\build\vs2010\obj\x32\Debug\App_ForkLiftDemo\CL.15188.write.1.tlog
D:\Project\common\SDK\bullet\bullet-2.81-rev2613\build\vs2010\obj\x32\Debug\App_ForkLiftDemo\cl.command.1.tlog
D:\Project\common\SDK\bullet\bullet-2.81-rev2613\build\vs2010\obj\x32\Debug\App_ForkLiftDemo\CL.read.1.tlog
D:\Project\common\SDK\bullet\bullet-2.81-rev2613\build\vs2010\obj\x32\Debug\App_ForkLiftDemo\cl.write.1.tlog
D:\Project\common\SDK\bullet\bullet-2.81-rev2613\build\vs2010\obj\x32\Debug\App_ForkLiftDemo\link-cvtres.read.1.tlog
D:\Project\common\SDK\bullet\bullet-2.81-rev2613\build\vs2010\obj\x32\Debug\App_ForkLiftDemo\link-cvtres.write.1.tlog
D:\Project\common\SDK\bullet\bullet-2.81-rev2613\build\vs2010\obj\x32\Debug\App_ForkLiftDemo\link-rc.read.1.tlog
D:\Project\common\SDK\bullet\bullet-2.81-rev2613\build\vs2010\obj\x32\Debug\App_ForkLiftDemo\link-rc.write.1.tlog
D:\Project\common\SDK\bullet\bullet-2.81-rev2613\build\vs2010\obj\x32\Debug\App_ForkLiftDemo\link.command.1.tlog
D:\Project\common\SDK\bullet\bullet-2.81-rev2613\build\vs2010\obj\x32\Debug\App_ForkLiftDemo\link.read.1.tlog
D:\Project\common\SDK\bullet\bullet-2.81-rev2613\build\vs2010\obj\x32\Debug\App_ForkLiftDemo\link.write.1.tlog
D:\Project\common\SDK\bullet\bullet-2.81-rev2613\build\vs2010\obj\x32\Debug\App_ForkLiftDemo\rc.command.1.tlog
D:\Project\common\SDK\bullet\bullet-2.81-rev2613\build\vs2010\obj\x32\Debug\App_ForkLiftDemo\rc.read.1.tlog
D:\Project\common\SDK\bullet\bullet-2.81-rev2613\build\vs2010\obj\x32\Debug\App_ForkLiftDemo\rc.write.1.tlog
D:\Project\common\SDK\bullet\bullet-2.81-rev2613\build\vs2010\obj\x32\Debug\App_ForkLiftDemo\bullet.res
